[debug] [2022-03-17T23:05:09.217Z] ----------------------------------------------------------------------
[debug] [2022-03-17T23:05:09.219Z] Command:       C:\Program Files\nodejs\node.exe C:\Users\Gebruiker\AppData\Roaming\npm\node_modules\firebase-tools\lib\bin\firebase.js emulators:start --only functions
[debug] [2022-03-17T23:05:09.219Z] CLI Version:   9.22.0
[debug] [2022-03-17T23:05:09.219Z] Platform:      win32
[debug] [2022-03-17T23:05:09.219Z] Node Version:  v14.18.0
[debug] [2022-03-17T23:05:09.220Z] Time:          Fri Mar 18 2022 00:05:09 GMT+0100 (Midden-Europese standaardtijd)
[debug] [2022-03-17T23:05:09.220Z] ----------------------------------------------------------------------
[debug] 
[debug] [2022-03-17T23:05:09.268Z] > command requires scopes: ["email","openid","https://www.googleapis.com/auth/cloudplatformprojects.readonly","https://www.googleapis.com/auth/firebase","https://www.googleapis.com/auth/cloud-platform"]
[debug] [2022-03-17T23:05:09.268Z] > authorizing via signed-in user (schreurskai@gmail.com)
[info] i  emulators: Starting emulators: functions {"metadata":{"emulator":{"name":"hub"},"message":"Starting emulators: functions"}}
[debug] [2022-03-17T23:05:09.287Z] [hub] writing locator at C:\Users\GEBRUI~1\AppData\Local\Temp\hub-babble-d6ef3.json
[warn] !  functions: The following emulators are not running, calls to these services from the Functions emulator will affect production: auth, firestore, database, hosting, pubsub, storage {"metadata":{"emulator":{"name":"functions"},"message":"The following emulators are not running, calls to these services from the Functions emulator will affect production: \u001b[1mauth, firestore, database, hosting, pubsub, storage\u001b[22m"}}
[warn] !  Your requested "node" version "16" doesn't match your global version "14" {"metadata":{"emulator":{"name":"functions"},"message":"Your requested \"node\" version \"16\" doesn't match your global version \"14\""}}
[debug] [2022-03-17T23:05:09.315Z] defaultcredentials: writing to file C:\Users\Gebruiker\AppData\Roaming\firebase\schreurskai_gmail_com_application_default_credentials.json
[debug] [2022-03-17T23:05:09.318Z] Setting GAC to C:\Users\Gebruiker\AppData\Roaming\firebase\schreurskai_gmail_com_application_default_credentials.json {"metadata":{"emulator":{"name":"functions"},"message":"Setting GAC to C:\\Users\\Gebruiker\\AppData\\Roaming\\firebase\\schreurskai_gmail_com_application_default_credentials.json"}}
[debug] [2022-03-17T23:05:09.319Z] >>> [apiv2][query] GET https://firebase.googleapis.com/v1beta1/projects/babble-d6ef3/adminSdkConfig [none]
[debug] [2022-03-17T23:05:09.641Z] <<< [apiv2][status] GET https://firebase.googleapis.com/v1beta1/projects/babble-d6ef3/adminSdkConfig 200
[debug] [2022-03-17T23:05:09.641Z] <<< [apiv2][body] GET https://firebase.googleapis.com/v1beta1/projects/babble-d6ef3/adminSdkConfig {"projectId":"babble-d6ef3","storageBucket":"babble-d6ef3.appspot.com","locationId":"europe-west"}
[debug] [2022-03-17T23:05:09.656Z] Ignoring unsupported arg: auto_download {"metadata":{"emulator":{"name":"ui"},"message":"Ignoring unsupported arg: auto_download"}}
[debug] [2022-03-17T23:05:09.656Z] Ignoring unsupported arg: port {"metadata":{"emulator":{"name":"ui"},"message":"Ignoring unsupported arg: port"}}
[debug] [2022-03-17T23:05:09.657Z] Starting Emulator UI with command {"binary":"node","args":["C:\\Users\\Gebruiker\\.cache\\firebase\\emulators\\ui-v1.6.4\\server.bundle.js"],"optionalArgs":[],"joinArgs":false} {"metadata":{"emulator":{"name":"ui"},"message":"Starting Emulator UI with command {\"binary\":\"node\",\"args\":[\"C:\\\\Users\\\\Gebruiker\\\\.cache\\\\firebase\\\\emulators\\\\ui-v1.6.4\\\\server.bundle.js\"],\"optionalArgs\":[],\"joinArgs\":false}"}}
[info] i  ui: Emulator UI logging to ui-debug.log {"metadata":{"emulator":{"name":"ui"},"message":"Emulator UI logging to \u001b[1mui-debug.log\u001b[22m"}}
[debug] [2022-03-17T23:05:09.782Z] Web / API server started at localhost:4000
 {"metadata":{"emulator":{"name":"ui"},"message":"Web / API server started at localhost:4000\n"}}
[info] i  functions: Watching "C:\Users\Gebruiker\Documents\GitHub\Babble\functions" for Cloud Functions... {"metadata":{"emulator":{"name":"functions"},"message":"Watching \"C:\\Users\\Gebruiker\\Documents\\GitHub\\Babble\\functions\" for Cloud Functions..."}}
[debug] [2022-03-17T23:05:09.980Z] [worker-pool] addWorker(~diagnostic~) {"metadata":{"emulator":{"name":"functions"},"message":"[worker-pool] addWorker(~diagnostic~)"}}
[debug] [2022-03-17T23:05:09.980Z] [worker-pool] Adding worker with key ~diagnostic~, total=1 {"metadata":{"emulator":{"name":"functions"},"message":"[worker-pool] Adding worker with key ~diagnostic~, total=1"}}
[debug] [2022-03-17T23:05:09.981Z] [worker-pool] submitWork(triggerId=) {"metadata":{"emulator":{"name":"functions"},"message":"[worker-pool] submitWork(triggerId=)"}}
[debug] [2022-03-17T23:05:09.981Z] [worker-~diagnostic~-af9a88f2-cf97-48e2-87fc-0f41e8f5b913]: Assigning socketPath: \\?\pipe\C:\Users\Gebruiker\Documents\GitHub\Babble\functions\9968 {"metadata":{"emulator":{"name":"functions"},"message":"[worker-~diagnostic~-af9a88f2-cf97-48e2-87fc-0f41e8f5b913]: Assigning socketPath: \\\\?\\pipe\\C:\\Users\\Gebruiker\\Documents\\GitHub\\Babble\\functions\\9968"}}
[debug] [2022-03-17T23:05:09.982Z] [worker-~diagnostic~-af9a88f2-cf97-48e2-87fc-0f41e8f5b913]: BUSY {"metadata":{"emulator":{"name":"functions"},"message":"[worker-~diagnostic~-af9a88f2-cf97-48e2-87fc-0f41e8f5b913]: BUSY"}}
[debug] [2022-03-17T23:05:10.170Z] [runtime-status] [9968] Functions runtime initialized. {"cwd":"C:\\Users\\Gebruiker\\Documents\\GitHub\\Babble\\functions","node_version":"14.18.0"} {"metadata":{"emulator":{"name":"functions"},"message":"[runtime-status] [9968] Functions runtime initialized. {\"cwd\":\"C:\\\\Users\\\\Gebruiker\\\\Documents\\\\GitHub\\\\Babble\\\\functions\",\"node_version\":\"14.18.0\"}"}}
[debug] [2022-03-17T23:05:10.171Z] [runtime-status] [9968] Disabled runtime features: undefined {"metadata":{"emulator":{"name":"functions"},"message":"[runtime-status] [9968] Disabled runtime features: undefined"}}
[debug] [2022-03-17T23:05:10.176Z] [runtime-status] [9968] Resolved module firebase-admin {"declared":true,"installed":true,"version":"10.0.1","resolution":"C:\\Users\\Gebruiker\\Documents\\GitHub\\Babble\\node_modules\\firebase-admin\\lib\\index.js"} {"metadata":{"emulator":{"name":"functions"},"message":"[runtime-status] [9968] Resolved module firebase-admin {\"declared\":true,\"installed\":true,\"version\":\"10.0.1\",\"resolution\":\"C:\\\\Users\\\\Gebruiker\\\\Documents\\\\GitHub\\\\Babble\\\\node_modules\\\\firebase-admin\\\\lib\\\\index.js\"}"}}
[debug] [2022-03-17T23:05:10.177Z] [runtime-status] [9968] Resolved module firebase-functions {"declared":true,"installed":true,"version":"3.18.1","resolution":"C:\\Users\\Gebruiker\\Documents\\GitHub\\Babble\\node_modules\\firebase-functions\\lib\\index.js"} {"metadata":{"emulator":{"name":"functions"},"message":"[runtime-status] [9968] Resolved module firebase-functions {\"declared\":true,\"installed\":true,\"version\":\"3.18.1\",\"resolution\":\"C:\\\\Users\\\\Gebruiker\\\\Documents\\\\GitHub\\\\Babble\\\\node_modules\\\\firebase-functions\\\\lib\\\\index.js\"}"}}
[debug] [2022-03-17T23:05:10.179Z] [runtime-status] [9968] Outgoing network have been stubbed. [{"name":"http","status":"mocked"},{"name":"http","status":"mocked"},{"name":"https","status":"mocked"},{"name":"https","status":"mocked"},{"name":"net","status":"mocked"}] {"metadata":{"emulator":{"name":"functions"},"message":"[runtime-status] [9968] Outgoing network have been stubbed. [{\"name\":\"http\",\"status\":\"mocked\"},{\"name\":\"http\",\"status\":\"mocked\"},{\"name\":\"https\",\"status\":\"mocked\"},{\"name\":\"https\",\"status\":\"mocked\"},{\"name\":\"net\",\"status\":\"mocked\"}]"}}
[debug] [2022-03-17T23:05:10.179Z] [runtime-status] [9968] Resolved module firebase-functions {"declared":true,"installed":true,"version":"3.18.1","resolution":"C:\\Users\\Gebruiker\\Documents\\GitHub\\Babble\\node_modules\\firebase-functions\\lib\\index.js"} {"metadata":{"emulator":{"name":"functions"},"message":"[runtime-status] [9968] Resolved module firebase-functions {\"declared\":true,\"installed\":true,\"version\":\"3.18.1\",\"resolution\":\"C:\\\\Users\\\\Gebruiker\\\\Documents\\\\GitHub\\\\Babble\\\\node_modules\\\\firebase-functions\\\\lib\\\\index.js\"}"}}
[debug] [2022-03-17T23:05:10.226Z] [runtime-status] [9968] Checked functions.config() {"config":{}} {"metadata":{"emulator":{"name":"functions"},"message":"[runtime-status] [9968] Checked functions.config() {\"config\":{}}"}}
[debug] [2022-03-17T23:05:10.227Z] [runtime-status] [9968] firebase-functions has been stubbed. {"functionsResolution":{"declared":true,"installed":true,"version":"3.18.1","resolution":"C:\\Users\\Gebruiker\\Documents\\GitHub\\Babble\\node_modules\\firebase-functions\\lib\\index.js"}} {"metadata":{"emulator":{"name":"functions"},"message":"[runtime-status] [9968] firebase-functions has been stubbed. {\"functionsResolution\":{\"declared\":true,\"installed\":true,\"version\":\"3.18.1\",\"resolution\":\"C:\\\\Users\\\\Gebruiker\\\\Documents\\\\GitHub\\\\Babble\\\\node_modules\\\\firebase-functions\\\\lib\\\\index.js\"}}"}}
[debug] [2022-03-17T23:05:10.227Z] [runtime-status] [9968] Resolved module firebase-functions {"declared":true,"installed":true,"version":"3.18.1","resolution":"C:\\Users\\Gebruiker\\Documents\\GitHub\\Babble\\node_modules\\firebase-functions\\lib\\index.js"} {"metadata":{"emulator":{"name":"functions"},"message":"[runtime-status] [9968] Resolved module firebase-functions {\"declared\":true,\"installed\":true,\"version\":\"3.18.1\",\"resolution\":\"C:\\\\Users\\\\Gebruiker\\\\Documents\\\\GitHub\\\\Babble\\\\node_modules\\\\firebase-functions\\\\lib\\\\index.js\"}"}}
[debug] [2022-03-17T23:05:10.229Z] [runtime-status] [9968] Resolved module firebase-admin {"declared":true,"installed":true,"version":"10.0.1","resolution":"C:\\Users\\Gebruiker\\Documents\\GitHub\\Babble\\node_modules\\firebase-admin\\lib\\index.js"} {"metadata":{"emulator":{"name":"functions"},"message":"[runtime-status] [9968] Resolved module firebase-admin {\"declared\":true,\"installed\":true,\"version\":\"10.0.1\",\"resolution\":\"C:\\\\Users\\\\Gebruiker\\\\Documents\\\\GitHub\\\\Babble\\\\node_modules\\\\firebase-admin\\\\lib\\\\index.js\"}"}}
[debug] [2022-03-17T23:05:10.229Z] [runtime-status] [9968] Resolved module firebase-functions {"declared":true,"installed":true,"version":"3.18.1","resolution":"C:\\Users\\Gebruiker\\Documents\\GitHub\\Babble\\node_modules\\firebase-functions\\lib\\index.js"} {"metadata":{"emulator":{"name":"functions"},"message":"[runtime-status] [9968] Resolved module firebase-functions {\"declared\":true,\"installed\":true,\"version\":\"3.18.1\",\"resolution\":\"C:\\\\Users\\\\Gebruiker\\\\Documents\\\\GitHub\\\\Babble\\\\node_modules\\\\firebase-functions\\\\lib\\\\index.js\"}"}}
[debug] [2022-03-17T23:05:10.230Z] [runtime-status] [9968] firebase-admin has been stubbed. {"adminResolution":{"declared":true,"installed":true,"version":"10.0.1","resolution":"C:\\Users\\Gebruiker\\Documents\\GitHub\\Babble\\node_modules\\firebase-admin\\lib\\index.js"}} {"metadata":{"emulator":{"name":"functions"},"message":"[runtime-status] [9968] firebase-admin has been stubbed. {\"adminResolution\":{\"declared\":true,\"installed\":true,\"version\":\"10.0.1\",\"resolution\":\"C:\\\\Users\\\\Gebruiker\\\\Documents\\\\GitHub\\\\Babble\\\\node_modules\\\\firebase-admin\\\\lib\\\\index.js\"}}"}}
[info] +  functions[europe-west1-app]: http function initialized (http://localhost:5001/babble-d6ef3/europe-west1/app). {"metadata":{"emulator":{"name":"functions"},"message":"\u001b[1mhttp\u001b[22m function initialized (http://localhost:5001/babble-d6ef3/europe-west1/app)."}}
[info] 
┌─────────────────────────────────────────────────────────────┐
│ ✔  All emulators ready! It is now safe to connect your app. │
│ i  View Emulator UI at http://localhost:4000                │
└─────────────────────────────────────────────────────────────┘

┌───────────┬────────────────┬─────────────────────────────────┐
│ Emulator  │ Host:Port      │ View in Emulator UI             │
├───────────┼────────────────┼─────────────────────────────────┤
│ Functions │ localhost:5001 │ http://localhost:4000/functions │
└───────────┴────────────────┴─────────────────────────────────┘
  Emulator Hub running at localhost:4400
  Other reserved ports: 4500

Issues? Report them at https://github.com/firebase/firebase-tools/issues and attach the *-debug.log files.
 
[debug] [2022-03-17T23:05:10.488Z] [worker-~diagnostic~-af9a88f2-cf97-48e2-87fc-0f41e8f5b913]: IDLE {"metadata":{"emulator":{"name":"functions"},"message":"[worker-~diagnostic~-af9a88f2-cf97-48e2-87fc-0f41e8f5b913]: IDLE"}}
[debug] [2022-03-17T23:05:17.435Z] [work-queue] {"queueLength":1,"workRunningCount":0}
[debug] [2022-03-17T23:05:17.436Z] [work-queue] {"queueLength":0,"workRunningCount":1}
[debug] [2022-03-17T23:05:17.436Z] Accepted request POST /babble-d6ef3/europe-west1/app/api/v1/raffle/zDdxO4Pok8b5UeVTUny2RbD1S6A2/kut --> europe-west1-app
[debug] [2022-03-17T23:05:17.466Z] [worker-pool] addWorker(europe-west1-app) {"metadata":{"emulator":{"name":"functions"},"message":"[worker-pool] addWorker(europe-west1-app)"}}
[debug] [2022-03-17T23:05:17.466Z] [worker-pool] Adding worker with key europe-west1-app, total=1 {"metadata":{"emulator":{"name":"functions"},"message":"[worker-pool] Adding worker with key europe-west1-app, total=1"}}
[debug] [2022-03-17T23:05:17.466Z] [worker-pool] submitWork(triggerId=europe-west1-app) {"metadata":{"emulator":{"name":"functions"},"message":"[worker-pool] submitWork(triggerId=europe-west1-app)"}}
[debug] [2022-03-17T23:05:17.466Z] [worker-europe-west1-app-97ce2f7b-57bc-433f-b773-80569782f46f]: Assigning socketPath: \\?\pipe\C:\Users\Gebruiker\Documents\GitHub\Babble\functions\9032 {"metadata":{"emulator":{"name":"functions"},"message":"[worker-europe-west1-app-97ce2f7b-57bc-433f-b773-80569782f46f]: Assigning socketPath: \\\\?\\pipe\\C:\\Users\\Gebruiker\\Documents\\GitHub\\Babble\\functions\\9032"}}
[debug] [2022-03-17T23:05:17.467Z] [worker-europe-west1-app-97ce2f7b-57bc-433f-b773-80569782f46f]: BUSY {"metadata":{"emulator":{"name":"functions"},"message":"[worker-europe-west1-app-97ce2f7b-57bc-433f-b773-80569782f46f]: BUSY"}}
[debug] [2022-03-17T23:05:17.673Z] [runtime-status] [9032] Functions runtime initialized. {"cwd":"C:\\Users\\Gebruiker\\Documents\\GitHub\\Babble\\functions","node_version":"14.18.0"} {"metadata":{"emulator":{"name":"functions"},"function":{"name":"europe-west1-app"},"message":"[runtime-status] [9032] Functions runtime initialized. {\"cwd\":\"C:\\\\Users\\\\Gebruiker\\\\Documents\\\\GitHub\\\\Babble\\\\functions\",\"node_version\":\"14.18.0\"}"}}
[debug] [2022-03-17T23:05:17.675Z] [runtime-status] [9032] Disabled runtime features: undefined {"metadata":{"emulator":{"name":"functions"},"function":{"name":"europe-west1-app"},"message":"[runtime-status] [9032] Disabled runtime features: undefined"}}
[debug] [2022-03-17T23:05:17.680Z] [runtime-status] [9032] Resolved module firebase-admin {"declared":true,"installed":true,"version":"10.0.1","resolution":"C:\\Users\\Gebruiker\\Documents\\GitHub\\Babble\\node_modules\\firebase-admin\\lib\\index.js"} {"metadata":{"emulator":{"name":"functions"},"function":{"name":"europe-west1-app"},"message":"[runtime-status] [9032] Resolved module firebase-admin {\"declared\":true,\"installed\":true,\"version\":\"10.0.1\",\"resolution\":\"C:\\\\Users\\\\Gebruiker\\\\Documents\\\\GitHub\\\\Babble\\\\node_modules\\\\firebase-admin\\\\lib\\\\index.js\"}"}}
[debug] [2022-03-17T23:05:17.682Z] [runtime-status] [9032] Resolved module firebase-functions {"declared":true,"installed":true,"version":"3.18.1","resolution":"C:\\Users\\Gebruiker\\Documents\\GitHub\\Babble\\node_modules\\firebase-functions\\lib\\index.js"} {"metadata":{"emulator":{"name":"functions"},"function":{"name":"europe-west1-app"},"message":"[runtime-status] [9032] Resolved module firebase-functions {\"declared\":true,\"installed\":true,\"version\":\"3.18.1\",\"resolution\":\"C:\\\\Users\\\\Gebruiker\\\\Documents\\\\GitHub\\\\Babble\\\\node_modules\\\\firebase-functions\\\\lib\\\\index.js\"}"}}
[debug] [2022-03-17T23:05:17.683Z] [runtime-status] [9032] Outgoing network have been stubbed. [{"name":"http","status":"mocked"},{"name":"http","status":"mocked"},{"name":"https","status":"mocked"},{"name":"https","status":"mocked"},{"name":"net","status":"mocked"}] {"metadata":{"emulator":{"name":"functions"},"function":{"name":"europe-west1-app"},"message":"[runtime-status] [9032] Outgoing network have been stubbed. [{\"name\":\"http\",\"status\":\"mocked\"},{\"name\":\"http\",\"status\":\"mocked\"},{\"name\":\"https\",\"status\":\"mocked\"},{\"name\":\"https\",\"status\":\"mocked\"},{\"name\":\"net\",\"status\":\"mocked\"}]"}}
[debug] [2022-03-17T23:05:17.684Z] [runtime-status] [9032] Resolved module firebase-functions {"declared":true,"installed":true,"version":"3.18.1","resolution":"C:\\Users\\Gebruiker\\Documents\\GitHub\\Babble\\node_modules\\firebase-functions\\lib\\index.js"} {"metadata":{"emulator":{"name":"functions"},"function":{"name":"europe-west1-app"},"message":"[runtime-status] [9032] Resolved module firebase-functions {\"declared\":true,\"installed\":true,\"version\":\"3.18.1\",\"resolution\":\"C:\\\\Users\\\\Gebruiker\\\\Documents\\\\GitHub\\\\Babble\\\\node_modules\\\\firebase-functions\\\\lib\\\\index.js\"}"}}
[debug] [2022-03-17T23:05:17.733Z] [runtime-status] [9032] Checked functions.config() {"config":{}} {"metadata":{"emulator":{"name":"functions"},"function":{"name":"europe-west1-app"},"message":"[runtime-status] [9032] Checked functions.config() {\"config\":{}}"}}
[debug] [2022-03-17T23:05:17.734Z] [runtime-status] [9032] firebase-functions has been stubbed. {"functionsResolution":{"declared":true,"installed":true,"version":"3.18.1","resolution":"C:\\Users\\Gebruiker\\Documents\\GitHub\\Babble\\node_modules\\firebase-functions\\lib\\index.js"}} {"metadata":{"emulator":{"name":"functions"},"function":{"name":"europe-west1-app"},"message":"[runtime-status] [9032] firebase-functions has been stubbed. {\"functionsResolution\":{\"declared\":true,\"installed\":true,\"version\":\"3.18.1\",\"resolution\":\"C:\\\\Users\\\\Gebruiker\\\\Documents\\\\GitHub\\\\Babble\\\\node_modules\\\\firebase-functions\\\\lib\\\\index.js\"}}"}}
[debug] [2022-03-17T23:05:17.734Z] [runtime-status] [9032] Resolved module firebase-functions {"declared":true,"installed":true,"version":"3.18.1","resolution":"C:\\Users\\Gebruiker\\Documents\\GitHub\\Babble\\node_modules\\firebase-functions\\lib\\index.js"} {"metadata":{"emulator":{"name":"functions"},"function":{"name":"europe-west1-app"},"message":"[runtime-status] [9032] Resolved module firebase-functions {\"declared\":true,\"installed\":true,\"version\":\"3.18.1\",\"resolution\":\"C:\\\\Users\\\\Gebruiker\\\\Documents\\\\GitHub\\\\Babble\\\\node_modules\\\\firebase-functions\\\\lib\\\\index.js\"}"}}
[debug] [2022-03-17T23:05:17.736Z] [runtime-status] [9032] Resolved module firebase-admin {"declared":true,"installed":true,"version":"10.0.1","resolution":"C:\\Users\\Gebruiker\\Documents\\GitHub\\Babble\\node_modules\\firebase-admin\\lib\\index.js"} {"metadata":{"emulator":{"name":"functions"},"function":{"name":"europe-west1-app"},"message":"[runtime-status] [9032] Resolved module firebase-admin {\"declared\":true,\"installed\":true,\"version\":\"10.0.1\",\"resolution\":\"C:\\\\Users\\\\Gebruiker\\\\Documents\\\\GitHub\\\\Babble\\\\node_modules\\\\firebase-admin\\\\lib\\\\index.js\"}"}}
[debug] [2022-03-17T23:05:17.737Z] [runtime-status] [9032] Resolved module firebase-functions {"declared":true,"installed":true,"version":"3.18.1","resolution":"C:\\Users\\Gebruiker\\Documents\\GitHub\\Babble\\node_modules\\firebase-functions\\lib\\index.js"} {"metadata":{"emulator":{"name":"functions"},"function":{"name":"europe-west1-app"},"message":"[runtime-status] [9032] Resolved module firebase-functions {\"declared\":true,\"installed\":true,\"version\":\"3.18.1\",\"resolution\":\"C:\\\\Users\\\\Gebruiker\\\\Documents\\\\GitHub\\\\Babble\\\\node_modules\\\\firebase-functions\\\\lib\\\\index.js\"}"}}
[debug] [2022-03-17T23:05:17.737Z] [runtime-status] [9032] firebase-admin has been stubbed. {"adminResolution":{"declared":true,"installed":true,"version":"10.0.1","resolution":"C:\\Users\\Gebruiker\\Documents\\GitHub\\Babble\\node_modules\\firebase-admin\\lib\\index.js"}} {"metadata":{"emulator":{"name":"functions"},"function":{"name":"europe-west1-app"},"message":"[runtime-status] [9032] firebase-admin has been stubbed. {\"adminResolution\":{\"declared\":true,\"installed\":true,\"version\":\"10.0.1\",\"resolution\":\"C:\\\\Users\\\\Gebruiker\\\\Documents\\\\GitHub\\\\Babble\\\\node_modules\\\\firebase-admin\\\\lib\\\\index.js\"}}"}}
[debug] [2022-03-17T23:05:17.987Z] [runtime-status] [9032] Trigger "europe-west1-app" has been found, beginning invocation! {"metadata":{"emulator":{"name":"functions"},"function":{"name":"europe-west1-app"},"message":"[runtime-status] [9032] Trigger \"europe-west1-app\" has been found, beginning invocation!"}}
[info] i  functions: Beginning execution of "europe-west1-app" {"metadata":{"emulator":{"name":"functions"},"function":{"name":"europe-west1-app"},"message":"Beginning execution of \"europe-west1-app\""}}
[debug] [2022-03-17T23:05:17.988Z] [runtime-status] [9032] triggerDefinition {"regions":["europe-west1"],"httpsTrigger":{},"name":"app","entryPoint":"app","region":"europe-west1","id":"europe-west1-app"} {"metadata":{"emulator":{"name":"functions"},"function":{"name":"europe-west1-app"},"message":"[runtime-status] [9032] triggerDefinition {\"regions\":[\"europe-west1\"],\"httpsTrigger\":{},\"name\":\"app\",\"entryPoint\":\"app\",\"region\":\"europe-west1\",\"id\":\"europe-west1-app\"}"}}
[debug] [2022-03-17T23:05:17.988Z] [runtime-status] [9032] Running europe-west1-app in signature http {"metadata":{"emulator":{"name":"functions"},"function":{"name":"europe-west1-app"},"message":"[runtime-status] [9032] Running europe-west1-app in signature http"}}
[debug] [2022-03-17T23:05:17.990Z] [runtime-status] [9032] Attempting to listen to socketPath: \\?\pipe\C:\Users\Gebruiker\Documents\GitHub\Babble\functions\9032 {"metadata":{"emulator":{"name":"functions"},"function":{"name":"europe-west1-app"},"message":"[runtime-status] [9032] Attempting to listen to socketPath: \\\\?\\pipe\\C:\\Users\\Gebruiker\\Documents\\GitHub\\Babble\\functions\\9032"}}
[debug] [2022-03-17T23:05:17.993Z] [functions] Runtime ready! Sending request! {"metadata":{"emulator":{"name":"functions"},"message":"[functions] Runtime ready! Sending request!"}}
[debug] [2022-03-17T23:05:17.994Z] [functions] Got req.url=/babble-d6ef3/europe-west1/app/api/v1/raffle/zDdxO4Pok8b5UeVTUny2RbD1S6A2/kut, mapping to path=/api/v1/raffle/zDdxO4Pok8b5UeVTUny2RbD1S6A2/kut {"metadata":{"emulator":{"name":"functions"},"message":"[functions] Got req.url=/babble-d6ef3/europe-west1/app/api/v1/raffle/zDdxO4Pok8b5UeVTUny2RbD1S6A2/kut, mapping to path=/api/v1/raffle/zDdxO4Pok8b5UeVTUny2RbD1S6A2/kut"}}
[debug] [2022-03-17T23:05:18.001Z] [runtime-status] [9032] Ephemeral server handling POST request {"metadata":{"emulator":{"name":"functions"},"function":{"name":"europe-west1-app"},"message":"[runtime-status] [9032] Ephemeral server handling POST request"}}
[debug] [2022-03-17T23:05:18.319Z] [runtime-status] [9032] Ephemeral server survived. {"metadata":{"emulator":{"name":"functions"},"function":{"name":"europe-west1-app"},"message":"[runtime-status] [9032] Ephemeral server survived."}}
[warn] !  Google API requested!
   - URL: "https://oauth2.googleapis.com/token"
   - Be careful, this may be a production service. {"metadata":{"emulator":{"name":"functions"},"function":{"name":"europe-west1-app"},"message":"Google API requested!\n   - URL: \"https://oauth2.googleapis.com/token\"\n   - Be careful, this may be a production service."}}
[warn] !  functions: Your function timed out after ~60s. To configure this timeout, see
      https://firebase.google.com/docs/functions/manage-functions#set_timeout_and_memory_allocation. {"metadata":{"emulator":{"name":"functions"},"function":{"name":"europe-west1-app"},"message":"Your function timed out after ~60s. To configure this timeout, see\n      https://firebase.google.com/docs/functions/manage-functions#set_timeout_and_memory_allocation."}}
[info] >  C:\Users\Gebruiker\AppData\Roaming\npm\node_modules\firebase-tools\lib\emulator\functionsEmulatorRuntime.js:604 {"user":"C:\\Users\\Gebruiker\\AppData\\Roaming\\npm\\node_modules\\firebase-tools\\lib\\emulator\\functionsEmulatorRuntime.js:604\r","metadata":{"emulator":{"name":"functions"},"function":{"name":"europe-west1-app"},"message":"\u001b[90m> \u001b[39m C:\\Users\\Gebruiker\\AppData\\Roaming\\npm\\node_modules\\firebase-tools\\lib\\emulator\\functionsEmulatorRuntime.js:604\r"}}
[info] >              throw new Error("Function timed out."); {"user":"            throw new Error(\"Function timed out.\");\r","metadata":{"emulator":{"name":"functions"},"function":{"name":"europe-west1-app"},"message":"\u001b[90m> \u001b[39m             throw new Error(\"Function timed out.\");\r"}}
[info] >              ^ {"user":"            ^\r","metadata":{"emulator":{"name":"functions"},"function":{"name":"europe-west1-app"},"message":"\u001b[90m> \u001b[39m             ^\r"}}
[info] >   {"user":"\r","metadata":{"emulator":{"name":"functions"},"function":{"name":"europe-west1-app"},"message":"\u001b[90m> \u001b[39m \r"}}
[info] >  Error: Function timed out. {"user":"Error: Function timed out.\r","metadata":{"emulator":{"name":"functions"},"function":{"name":"europe-west1-app"},"message":"\u001b[90m> \u001b[39m Error: Function timed out.\r"}}
[info] >      at Timeout._onTimeout (C:\Users\Gebruiker\AppData\Roaming\npm\node_modules\firebase-tools\lib\emulator\functionsEmulatorRuntime.js:604:19) {"user":"    at Timeout._onTimeout (C:\\Users\\Gebruiker\\AppData\\Roaming\\npm\\node_modules\\firebase-tools\\lib\\emulator\\functionsEmulatorRuntime.js:604:19)\r","metadata":{"emulator":{"name":"functions"},"function":{"name":"europe-west1-app"},"message":"\u001b[90m> \u001b[39m     at Timeout._onTimeout (C:\\Users\\Gebruiker\\AppData\\Roaming\\npm\\node_modules\\firebase-tools\\lib\\emulator\\functionsEmulatorRuntime.js:604:19)\r"}}
[info] >      at listOnTimeout (internal/timers.js:557:17) {"user":"    at listOnTimeout (internal/timers.js:557:17)\r","metadata":{"emulator":{"name":"functions"},"function":{"name":"europe-west1-app"},"message":"\u001b[90m> \u001b[39m     at listOnTimeout (internal/timers.js:557:17)\r"}}
[info] >      at processTimers (internal/timers.js:500:7) {"user":"    at processTimers (internal/timers.js:500:7)\r","metadata":{"emulator":{"name":"functions"},"function":{"name":"europe-west1-app"},"message":"\u001b[90m> \u001b[39m     at processTimers (internal/timers.js:500:7)\r"}}
[debug] [2022-03-17T23:06:18.014Z] [worker-europe-west1-app-97ce2f7b-57bc-433f-b773-80569782f46f]: exited {"metadata":{"emulator":{"name":"functions"},"message":"[worker-europe-west1-app-97ce2f7b-57bc-433f-b773-80569782f46f]: exited"}}
[debug] [2022-03-17T23:06:18.014Z] [worker-europe-west1-app-97ce2f7b-57bc-433f-b773-80569782f46f]: FINISHED {"metadata":{"emulator":{"name":"functions"},"message":"[worker-europe-west1-app-97ce2f7b-57bc-433f-b773-80569782f46f]: FINISHED"}}
[debug] [2022-03-17T23:06:18.014Z] [work-queue] {"queueLength":0,"workRunningCount":0}
[debug] [2022-03-17T23:08:47.134Z] Received signal SIGHUP 1
